<?xml version="1.0" encoding="UTF-8"?>
<testng-results skipped="0" failed="0" total="1" passed="1">
  <reporter-output>
  </reporter-output>
  <suite name="Default suite" duration-ms="45005" started-at="2021-04-05T07:40:22Z" finished-at="2021-04-05T07:41:07Z">
    <groups>
    </groups>
    <test name="Default test" duration-ms="45005" started-at="2021-04-05T07:40:22Z" finished-at="2021-04-05T07:41:07Z">
      <class name="org.test.Lennox">
        <test-method status="PASS" signature="browserLaunch()[pri:0, instance:org.test.Lennox@68c4039c]" name="browserLaunch" is-config="true" duration-ms="1831" started-at="2021-04-05T13:10:22Z" finished-at="2021-04-05T13:10:24Z">
          <reporter-output>
          </reporter-output>
        </test-method> <!-- browserLaunch -->
        <test-method status="PASS" signature="test(java.lang.String, java.lang.String, java.lang.String, java.lang.String, java.lang.String, java.lang.String, java.lang.String)[pri:0, instance:org.test.Lennox@68c4039c]" name="test" duration-ms="42137" started-at="2021-04-05T13:10:24Z" data-provider="data" finished-at="2021-04-05T13:11:06Z">
          <params>
            <param index="0">
              <value>
                <![CDATA[User12]]>
              </value>
            </param>
            <param index="1">
              <value>
                <![CDATA[Test12]]>
              </value>
            </param>
            <param index="2">
              <value>
                <![CDATA[8745691230]]>
              </value>
            </param>
            <param index="3">
              <value>
                <![CDATA[abcde@gmail.com]]>
              </value>
            </param>
            <param index="4">
              <value>
                <![CDATA[2-July-2021]]>
              </value>
            </param>
            <param index="5">
              <value>
                <![CDATA[\\src\\test\\resources\\Lennox1.docx]]>
              </value>
            </param>
            <param index="6">
              <value>
                <![CDATA[\\src\\test\\resources\\lennox1.png]]>
              </value>
            </param>
          </params>
          <reporter-output>
          </reporter-output>
        </test-method> <!-- test -->
        <test-method status="PASS" signature="aftermethod()[pri:0, instance:org.test.Lennox@68c4039c]" name="aftermethod" is-config="true" duration-ms="667" started-at="2021-04-05T13:11:06Z" finished-at="2021-04-05T13:11:07Z">
          <reporter-output>
          </reporter-output>
        </test-method> <!-- aftermethod -->
      </class> <!-- org.test.Lennox -->
    </test> <!-- Default test -->
  </suite> <!-- Default suite -->
</testng-results>
